!  Sample measurement started  13-Dec-2018    17:08:19
!
!  Exposure time slow/fast (sec)  0.1  / 0.2
!  Thresholds 1/2/end   80001  81000  130000
!
!-------------------------------------------------------------------------------------------------------------
!  Time    Filename               Mode   Diode        IPetra   Nr 1   Temp 1   Expa 1   Nr 2   Temp 2   Expa 2
!
17:08:25   TiAlNi_1 1     1  slow   0     100.0714  unknown  unknown  unknown unknown  unknown  unknown
17:08:33   TiAlNi_1 2     1  slow   0     100.0441  unknown  unknown  unknown unknown  unknown  unknown
17:08:41   TiAlNi_1 3     1  slow   0     100.0188  unknown  unknown  unknown unknown  unknown  unknown
17:08:51   TiAlNi_1 4     1  slow   0     99.99245  unknown  unknown  unknown unknown  unknown  unknown
17:09:00   TiAlNi_1 5     1  slow   0     100.8308  unknown  unknown  unknown unknown  unknown  unknown
17:09:09   TiAlNi_1 6     1  slow   0     100.9367  unknown  unknown  unknown unknown  unknown  unknown
17:09:17   TiAlNi_1 7     1  slow   0     100.9154  unknown  unknown  unknown unknown  unknown  unknown
17:09:26   TiAlNi_1 8     1  slow   0     100.8902  unknown  unknown  unknown 2  29.38  0.02
17:09:34   TiAlNi_1 9     1  slow   0     100.867  4  29.32  -0.01 7  29.08  0.01
17:09:43   TiAlNi_1 10     1  slow   0     100.8386  10  28.77  -0.05 13  28.59  -0.09
17:09:53   TiAlNi_1 11     1  slow   0     100.8093  16  28.64  -0.1 20  28.42  -0.14
17:10:01   TiAlNi_1 12     1  slow   0     100.7857  22  28.68  -0.18 25  28.49  -0.21
17:10:10   TiAlNi_1 13     1  slow   0     100.7588  28  28.33  -0.22 31  28.30  -0.2
17:10:20   TiAlNi_1 14     1  slow   0     100.7284  34  28.08  -0.23 37  28.25  -0.25
17:10:29   TiAlNi_1 15     1  slow   0     100.6979  40  27.92  -0.24 44  27.87  -0.41
17:10:38   TiAlNi_1 16     1  slow   0     100.6711  47  27.64  -0.4 50  27.55  -0.43
17:10:48   TiAlNi_1 17     1  slow   0     100.6441  53  27.55  -0.44 56  27.98  -0.45
17:10:57   TiAlNi_1 18     1  slow   0     100.6175  59  29.47  -0.35 62  31.14  -0.25
17:11:05   TiAlNi_1 19     1  slow   0     100.5938  65  32.35  -0.15 68  34.20  -0.04
17:11:15   TiAlNi_1 20     1  slow   0     100.5644  71  35.53  0.08 74  37.03  0.22
17:11:24   TiAlNi_1 21     1  slow   0     100.5385  77  38.56  0.35 80  39.90  0.48
17:11:32   TiAlNi_1 22     1  slow   0     100.5142  83  41.61  0.61 86  42.92  0.74
17:11:41   TiAlNi_1 23     1  slow   0     100.4871  89  44.82  0.90 92  45.99  1.03
17:11:51   TiAlNi_1 24     1  slow   0     100.4562  95  47.27  1.17 98  49.00  1.32
17:12:00   TiAlNi_1 25     1  slow   0     100.431  101  50.60  1.46 104  52.00  1.63
17:12:08   TiAlNi_1 26     1  slow   0     100.4059  107  53.47  1.81 110  55.00  1.95
17:12:18   TiAlNi_1 27     1  slow   0     100.3762  113  56.56  2.03 116  57.95  2.16
17:12:27   TiAlNi_1 28     1  slow   0     100.3466  119  59.64  2.32 122  60.99  2.48
17:12:35   TiAlNi_1 29     1  slow   0     100.3227  125  62.49  2.63 128  64.18  2.80
17:12:44   TiAlNi_1 30     1  slow   0     100.2974  131  65.52  2.97 134  66.86  3.10
17:12:54   TiAlNi_1 31     1  slow   0     100.2703  137  68.54  3.30 140  70.02  3.45
17:13:03   TiAlNi_1 32     1  slow   0     100.2439  143  71.56  3.62 146  73.07  3.83
17:13:12   TiAlNi_1 33     1  slow   0     100.217  149  74.60  3.94 153  76.28  4.22
17:13:22   TiAlNi_1 34     1  slow   0     100.1852  156  78.04  4.36 159  79.57  4.53
17:13:30   TiAlNi_1 35     1  slow   0     100.1644  162  81.00  4.68 164  82.11  4.82
17:13:39   TiAlNi_1 36     1  slow   0     100.1366  167  83.59  4.96 170  84.96  5.15
17:13:48   TiAlNi_1 37     1  slow   0     100.1104  173  86.64  5.32 177  88.57  5.57
17:13:57   TiAlNi_1 38     1  slow   0     100.0805  179  89.55  5.67 183  91.46  5.91
17:14:06   TiAlNi_1 39     1  slow   0     100.054  185  92.51  5.99 189  94.63  6.24
17:14:16   TiAlNi_1 40     1  slow   0     100.0282  192  96.09  6.40 195  97.38  6.56
17:14:25   TiAlNi_1 41     1  slow   0     100.0005  198  99.01  6.76 201  100.62  6.94
17:14:34   TiAlNi_1 42     1  slow   0     100.4006  204  102.11  7.12 207  103.39  7.27
17:14:43   TiAlNi_1 43     1  slow   0     100.9555  210  105.05  7.43 213  106.40  7.62
17:14:52   TiAlNi_1 44     1  slow   0     100.9287  216  107.75  7.81 219  109.61  7.99
17:15:01   TiAlNi_1 45     1  slow   0     100.9021  222  111.02  8.14 225  112.46  8.32
17:15:10   TiAlNi_1 46     1  slow   0     100.8749  228  113.96  8.52 231  115.44  8.66
17:15:19   TiAlNi_1 47     1  slow   0     100.8473  234  116.75  8.90 237  118.44  9.02
17:15:28   TiAlNi_1 48     1  slow   0     100.82  240  120.05  9.21 243  121.58  9.37
17:15:38   TiAlNi_1 49     1  slow   0     100.7934  246  122.90  9.55 249  124.44  9.74
17:15:47   TiAlNi_1 50     1  slow   0     100.7668  252  126.27  9.96 255  127.59  10.10
17:15:56   TiAlNi_1 51     1  slow   0     100.7364  258  129.31  10.29 262  131.05  10.55
17:16:05   TiAlNi_1 52     1  slow   0     100.711  264  132.16  10.69 268  133.98  10.92
17:16:14   TiAlNi_1 53     1  slow   0     100.6828  270  134.87  11.03 274  136.89  11.27
17:16:23   TiAlNi_1 54     1  slow   0     100.6517  277  138.47  11.47 280  139.80  11.67
17:16:32   TiAlNi_1 55     1  slow   0     100.6256  283  141.51  11.87 286  142.88  12.00
17:16:41   TiAlNi_1 56     1  slow   0     100.5986  289  144.73  12.22 292  145.98  12.39
17:16:51   TiAlNi_1 57     1  slow   0     100.5716  295  147.78  12.60 298  149.01  12.79
17:17:00   TiAlNi_1 58     1  slow   0     100.5444  301  150.62  12.96 304  152.46  13.12
17:17:09   TiAlNi_1 59     1  slow   0     100.5171  307  153.38  13.33 310  155.13  13.51
17:17:18   TiAlNi_1 60     1  slow   0     100.4913  313  156.79  13.74 316  157.96  13.91
17:17:27   TiAlNi_1 61     1  slow   0     100.4646  319  159.77  14.13 322  160.96  14.28
17:17:36   TiAlNi_1 62     1  slow   0     100.4371  325  162.26  14.49 328  163.36  14.66
17:17:45   TiAlNi_1 63     1  slow   0     100.4107  331  165.76  14.86 335  167.97  15.11
17:17:54   TiAlNi_1 64     1  slow   0     100.3811  337  168.72  15.24 341  170.58  15.48
17:18:03   TiAlNi_1 65     1  slow   0     100.3549  343  171.70  15.63 347  173.27  15.88
17:18:12   TiAlNi_1 66     1  slow   0     100.3287  349  174.59  16.02 353  176.29  16.28
17:18:22   TiAlNi_1 67     1  slow   0     100.3021  356  178.32  16.53 359  179.68  16.71
17:18:31   TiAlNi_1 68     1  slow   0     100.2757  362  180.60  16.90 365  182.31  17.08
17:18:40   TiAlNi_1 69     1  slow   0     100.249  368  183.62  17.28 371  184.91  17.49
17:18:49   TiAlNi_1 70     1  slow   0     100.2235  374  187.09  17.70 377  188.35  17.83
17:18:58   TiAlNi_1 71     1  slow   0     100.1964  380  189.17  18.06 383  191.61  18.29
17:19:07   TiAlNi_1 72     1  slow   0     100.1691  386  192.74  18.53 389  194.47  18.76
17:19:16   TiAlNi_1 73     1  slow   0     100.1448  392  195.90  18.93 395  197.51  19.19
17:19:25   TiAlNi_1 74     1  slow   0     100.1144  398  198.54  19.37 401  199.93  19.59
17:19:34   TiAlNi_1 75     1  slow   0     100.0873  404  202.30  19.77 407  202.83  19.99
17:19:43   TiAlNi_1 76     1  slow   0     100.0618  410  204.85  20.19 413  207.37  20.45
17:19:53   TiAlNi_1 77     1  slow   0     100.0348  416  208.22  20.66 419  209.27  20.85
17:20:02   TiAlNi_1 78     1  slow   0     100.0078  422  211.24  21.07 426  212.44  21.34
17:20:11   TiAlNi_1 79     1  slow   0     99.9984  428  213.73  21.51 432  217.20  21.81
17:20:20   TiAlNi_1 80     1  slow   0     100.9609  434  216.77  21.93 438  218.55  22.23
17:20:29   TiAlNi_1 81     1  slow   0     100.9337  441  220.64  22.43 444  221.87  22.67
17:20:38   TiAlNi_1 82     1  slow   0     100.9063  447  223.74  22.86 450  225.07  23.08
17:20:47   TiAlNi_1 83     1  slow   0     100.8793  453  226.52  23.28 456  227.66  23.49
17:20:56   TiAlNi_1 84     1  slow   0     100.8527  459  229.57  23.74 462  230.71  23.91
17:21:06   TiAlNi_1 85     1  slow   0     100.8244  465  233.04  24.14 468  234.17  24.39
17:21:15   TiAlNi_1 86     1  slow   0     100.7938  471  235.01  24.58 474  237.06  24.84
17:21:24   TiAlNi_1 87     1  slow   0     100.7688  477  238.45  25.01 480  240.04  25.19
17:21:33   TiAlNi_1 88     1  slow   0     100.7414  483  241.52  25.45 486  242.81  25.67
17:21:42   TiAlNi_1 89     1  slow   0     100.7139  489  244.44  25.90 492  245.99  26.07
17:21:51   TiAlNi_1 90     1  slow   0     100.6872  495  247.57  26.26 498  248.96  26.47
17:22:00   TiAlNi_1 91     1  slow   0     100.6624  501  250.28  26.75 505  252.45  27.01
17:22:09   TiAlNi_1 92     1  slow   0     100.6333  507  253.78  27.12 511  255.36  27.43
17:22:14   TiAlNi_1 93     1  slow   0     100.6185  513  256.46  27.55 514  256.99  27.62
17:22:21   TiAlNi_1 94     1  slow   0     100.5979  516  258.32  27.76 519  259.43  28.02
17:22:30   TiAlNi_1 95     1  slow   0     100.5715  521  260.44  28.11 525  262.47  28.41
17:22:40   TiAlNi_1 96     1  slow   0     100.5452  528  264.04  28.63 531  265.72  28.81
17:22:49   TiAlNi_1 97     1  slow   0     100.5152  534  266.97  29.01 537  268.49  29.23
17:22:58   TiAlNi_1 98     1  slow   0     100.4882  540  269.98  29.44 543  271.35  29.64
17:23:07   TiAlNi_1 99     1  slow   0     100.4623  546  273.09  29.85 549  274.50  30.00
17:23:16   TiAlNi_1 100     1  slow   0     100.4321  552  276.03  30.23 555  277.44  30.42
17:23:25   TiAlNi_1 101     1  slow   0     100.4052  558  278.80  30.59 561  280.55  30.83
17:23:34   TiAlNi_1 102     1  slow   0     100.3777  564  282.11  31.05 567  283.79  31.27
17:23:44   TiAlNi_1 103     1  slow   0     100.3527  570  285.01  31.45 574  287.10  31.74
17:23:53   TiAlNi_1 104     1  slow   0     100.3251  576  288.03  31.90 580  289.92  32.15
17:24:01   TiAlNi_1 105     1  slow   0     100.3007  583  291.45  32.37 585  292.44  32.51
17:24:11   TiAlNi_1 106     1  slow   0     100.2719  588  294.02  32.69 591  295.63  32.92
17:24:20   TiAlNi_1 107     1  slow   0     100.2451  594  297.08  33.11 598  298.89  33.37
17:24:25   TiAlNi_1 108     1  slow   0     100.2313  601  300.43  33.58 601  300.43  33.58
17:24:32   TiAlNi_1 109     1  slow   0     100.2105  603  301.53  33.71 606  303.02  33.94
17:24:42   TiAlNi_1 110     1  slow   0     100.9671  609  304.51  34.13 612  306.04  34.31
17:24:51   TiAlNi_1 111     1  slow   0     100.9378  615  307.58  34.56 618  309.03  34.73
17:25:00   TiAlNi_1 112     1  slow   0     100.9082  621  310.59  34.93 625  312.40  35.20
17:25:10   TiAlNi_1 113     1  slow   0     100.8807  627  313.61  35.32 631  315.47  35.59
17:25:19   TiAlNi_1 114     1  slow   0     100.8543  634  317.09  35.76 637  318.50  35.97
17:25:28   TiAlNi_1 115     1  slow   0     100.8278  640  320.08  36.17 643  321.38  36.41
17:25:37   TiAlNi_1 116     1  slow   0     100.7977  646  323.08  36.58 649  324.47  36.81
17:25:47   TiAlNi_1 117     1  slow   0     100.7705  652  325.97  37.00 656  328.11  37.29
17:25:56   TiAlNi_1 118     1  slow   0     100.7442  658  328.97  37.43 662  331.03  37.71
17:26:05   TiAlNi_1 119     1  slow   0     100.7172  665  332.41  37.95 668  333.93  38.14
17:26:15   TiAlNi_1 120     1  slow   0     100.6886  671  335.64  38.35 674  336.87  38.58
17:26:24   TiAlNi_1 121     1  slow   0     100.6603  677  338.54  38.79 680  340.09  39.01
17:26:32   TiAlNi_1 122     1  slow   0     100.6376  683  341.49  39.22 686  343.03  39.47
17:26:42   TiAlNi_1 123     1  slow   0     100.6104  689  344.45  39.66 692  346.10  39.91
17:26:51   TiAlNi_1 124     1  slow   0     100.5807  695  347.36  40.09 698  348.98  40.37
17:27:00   TiAlNi_1 125     1  slow   0     100.5504  701  350.33  40.55 705  352.62  40.89
17:27:10   TiAlNi_1 126     1  slow   0     100.5226  707  353.44  41.00 711  355.53  41.30
17:27:19   TiAlNi_1 127     1  slow   0     100.4968  714  357.01  41.52 717  358.71  41.74
17:27:28   TiAlNi_1 128     1  slow   0     100.4664  720  360.02  41.96 723  361.51  42.17
17:27:38   TiAlNi_1 129     1  slow   0     100.4402  726  362.85  42.42 729  364.53  42.63
17:27:46   TiAlNi_1 130     1  slow   0     100.4164  732  365.96  42.88 735  367.36  43.06
17:27:55   TiAlNi_1 131     1  slow   0     100.3903  738  369.07  43.29 741  370.44  43.50
17:28:04   TiAlNi_1 132     1  slow   0     100.3634  744  372.11  43.69 747  373.53  43.90
17:28:14   TiAlNi_1 133     1  slow   0     100.3341  750  375.01  44.18 754  376.90  44.42
17:28:23   TiAlNi_1 134     1  slow   0     100.3071  756  378.06  44.56 760  380.05  44.85
17:28:32   TiAlNi_1 135     1  slow   0     100.2793  763  381.54  45.04 766  382.86  45.26
17:28:41   TiAlNi_1 136     1  slow   0     100.2538  769  384.41  45.46 772  386.08  45.69
17:28:49   TiAlNi_1 137     1  slow   0     100.2265  775  387.65  45.93 777  388.53  46.04
17:28:58   TiAlNi_1 138     1  slow   0     100.2003  780  389.91  46.28 783  391.42  46.52
17:29:08   TiAlNi_1 139     1  slow   0     100.1736  786  392.99  46.70 790  394.90  47.00
17:29:17   TiAlNi_1 140     1  slow   0     100.1477  792  395.95  47.14 796  397.91  47.43
17:29:26   TiAlNi_1 141     1  slow   0     100.1181  799  399.59  47.60 802  400.96  47.90
17:29:36   TiAlNi_1 142     1  slow   0     100.0907  805  402.38  48.08 808  403.98  48.31
17:29:45   TiAlNi_1 143     1  slow   0     100.065  811  405.50  48.51 814  407.02  48.71
17:29:53   TiAlNi_1 144     1  slow   0     100.0411  817  408.44  48.94 820  409.90  49.12
17:30:02   TiAlNi_1 145     1  slow   0     100.0147  823  411.60  49.37 826  412.99  49.59
17:30:10   TiAlNi_1 146     1  slow   0     99.99158  828  414.03  49.71 831  415.59  49.97
17:30:19   TiAlNi_1 147     1  slow   0     100.9689  834  417.11  50.17 837  418.64  50.34
17:30:28   TiAlNi_1 148     1  slow   0     100.9472  840  419.88  50.53 843  421.58  50.79
17:30:37   TiAlNi_1 149     1  slow   0     100.9176  846  422.96  50.97 849  424.52  51.19
17:30:46   TiAlNi_1 150     1  slow   0     100.8865  852  425.99  51.41 855  427.52  51.57
17:30:56   TiAlNi_1 151     1  slow   0     100.8588  858  429.00  51.83 861  430.46  52.04
17:31:04   TiAlNi_1 152     1  slow   0     100.8346  864  431.88  52.28 867  433.46  52.46
17:31:13   TiAlNi_1 153     1  slow   0     100.808  870  434.97  52.71 873  436.60  52.90
17:31:22   TiAlNi_1 154     1  slow   0     100.7815  876  438.05  53.13 879  439.45  53.34
17:31:31   TiAlNi_1 155     1  slow   0     100.7556  882  440.93  53.57 885  442.48  53.79
17:31:40   TiAlNi_1 156     1  slow   0     100.728  888  444.12  53.98 891  445.51  54.17
17:31:50   TiAlNi_1 157     1  slow   0     100.7026  894  447.03  54.41 897  448.64  54.62
17:31:59   TiAlNi_1 158     1  slow   0     100.6703  900  450.07  54.79 904  451.85  55.08
17:32:07   TiAlNi_1 159     1  slow   0     100.647  906  453.00  55.27 909  454.30  55.48
17:32:16   TiAlNi_1 160     1  slow   0     100.6205  912  455.84  55.71 915  457.52  55.94
17:32:26   TiAlNi_1 161     1  slow   0     100.5916  918  458.99  56.15 922  460.98  56.41
17:32:34   TiAlNi_1 162     1  slow   0     100.567  924  462.03  56.57 927  463.42  56.80
17:32:42   TiAlNi_1 163     1  slow   0     100.5402  930  464.98  57.07 933  466.60  57.26
17:32:52   TiAlNi_1 164     1  slow   0     100.5127  935  467.64  57.40 939  469.48  57.68
17:33:01   TiAlNi_1 165     1  slow   0     100.4866  942  470.95  57.93 945  472.41  58.12
17:33:09   TiAlNi_1 166     1  slow   0     100.4635  948  473.99  58.37 951  475.41  58.56
17:33:19   TiAlNi_1 167     1  slow   0     100.4349  953  476.54  58.71 957  478.61  59.05
17:33:28   TiAlNi_1 168     1  slow   0     100.4052  960  479.93  59.24 963  481.47  59.47
17:33:37   TiAlNi_1 169     1  slow   0     100.3795  966  482.81  59.68 969  484.46  59.89
17:33:46   TiAlNi_1 170     1  slow   0     100.3545  972  486.02  60.06 975  487.48  60.30
17:33:55   TiAlNi_1 171     1  slow   0     100.3259  978  488.93  60.55 981  490.51  60.74
17:34:04   TiAlNi_1 172     1  slow   0     100.2989  984  491.96  60.97 987  493.57  61.19
17:34:13   TiAlNi_1 173     1  slow   0     100.2695  990  494.96  61.41 993  496.53  61.60
17:34:22   TiAlNi_1 174     1  slow   0     100.2459  996  497.87  61.78 999  499.48  62.00
17:34:31   TiAlNi_1 175     1  slow   0     100.2153  1002  501.02  62.26 1005  502.52  62.45
17:34:40   TiAlNi_1 176     1  slow   0     100.1898  1008  504.05  62.63 1011  505.54  62.86
17:34:50   TiAlNi_1 177     1  slow   0     100.1639  1014  506.88  63.09 1018  508.83  63.37
17:34:58   TiAlNi_1 178     1  slow   0     100.1408  1020  510.07  63.51 1023  511.47  63.73
17:35:07   TiAlNi_1 179     1  slow   0     100.1137  1026  512.93  63.94 1029  514.51  64.16
17:35:17   TiAlNi_1 180     1  slow   0     100.0853  1032  516.04  64.36 1036  517.92  64.61
17:35:25   TiAlNi_1 181     1  slow   0     100.0622  1038  518.98  64.75 1041  520.41  64.96
17:35:34   TiAlNi_1 182     1  slow   0     100.0357  1044  521.97  65.19 1047  523.53  65.39
17:35:43   TiAlNi_1 183     1  slow   0     100.0125  1050  525.05  65.59 1053  526.46  65.80
17:35:51   TiAlNi_1 184     1  slow   0     99.9829  1056  528.07  66.00 1058  528.99  66.12
17:36:00   TiAlNi_1 185     1  slow   0     100.9747  1061  530.44  66.35 1065  532.50  66.66
17:36:09   TiAlNi_1 186     1  slow   0     100.9513  1067  533.51  66.77 1070  535.07  67.00
17:36:18   TiAlNi_1 187     1  slow   0     100.9244  1073  536.47  67.20 1076  537.84  67.42
17:36:27   TiAlNi_1 188     1  slow   0     100.8944  1079  539.54  67.57 1083  541.58  67.88
17:36:37   TiAlNi_1 189     1  slow   0     100.8677  1085  542.34  68.03 1089  544.53  68.29
17:36:46   TiAlNi_1 190     1  slow   0     100.8404  1092  546.08  68.52 1095  547.41  68.73
17:36:55   TiAlNi_1 191     1  slow   0     100.8134  1098  548.88  68.93 1101  550.43  69.15
17:37:05   TiAlNi_1 192     1  slow   0     100.7878  1104  552.02  69.39 1107  553.45  69.59
17:37:14   TiAlNi_1 193     1  slow   0     100.7583  1110  555.09  69.78 1114  557.01  70.06
17:37:22   TiAlNi_1 194     1  slow   0     100.7346  1117  558.39  70.28 1119  559.46  70.43
17:37:31   TiAlNi_1 195     1  slow   0     100.7073  1122  560.95  70.63 1125  562.47  70.87
17:37:41   TiAlNi_1 196     1  slow   0     100.6797  1128  564.02  71.02 1132  566.11  71.30
17:37:50   TiAlNi_1 197     1  slow   0     100.6488  1134  567.16  71.45 1138  568.99  71.71
17:37:59   TiAlNi_1 198     1  slow   0     100.6215  1141  570.51  71.92 1144  572.10  72.14
17:38:09   TiAlNi_1 199     1  slow   0     100.5955  1147  573.63  72.32 1150  575.00  72.54
17:38:18   TiAlNi_1 200     1  slow   0     100.5692  1153  576.62  72.73 1156  578.04  72.97
17:38:27   TiAlNi_1 201     1  slow   0     100.5389  1159  579.65  73.15 1163  581.47  73.41
17:38:37   TiAlNi_1 202     1  slow   0     100.5123  1165  582.48  73.56 1169  584.49  73.80
17:38:46   TiAlNi_1 203     1  slow   0     100.4865  1172  585.83  74.05 1175  587.30  74.27
17:38:54   TiAlNi_1 204     1  slow   0     100.4629  1178  588.86  74.43 1181  590.43  74.63
17:39:04   TiAlNi_1 205     1  slow   0     100.4338  1183  591.44  74.76 1187  593.66  75.00
17:39:13   TiAlNi_1 206     1  slow   0     100.4067  1190  594.93  75.24 1193  596.52  75.40
17:39:21   TiAlNi_1 207     1  slow   0     100.3827  1196  598.02  75.62 1199  599.46  75.85
17:39:31   TiAlNi_1 208     1  slow   0     100.3574  1201  600.55  75.95 1205  602.54  76.24
17:39:40   TiAlNi_1 209     1  slow   0     100.3272  1208  603.99  76.46 1211  605.55  76.65
17:39:49   TiAlNi_1 210     1  slow   0     100.2982  1214  607.02  76.86 1217  608.44  77.08
17:39:59   TiAlNi_1 211     1  slow   0     100.2718  1220  610.04  77.27 1223  611.62  77.49
17:40:08   TiAlNi_1 212     1  slow   0     100.2449  1226  612.99  77.70 1230  615.04  77.93
17:40:16   TiAlNi_1 213     1  slow   0     100.2218  1233  616.41  78.12 1235  617.51  78.25
17:40:21   TiAlNi_1 214     1  slow   0     100.2058  1238  619.00  78.46 1239  619.50  78.54
17:40:29   TiAlNi_1 215     1  slow   0     100.1833  1241  620.44  78.68 1243  621.42  78.79
17:40:38   TiAlNi_1 216     1  slow   0     100.1569  1246  622.95  79.02 1250  624.91  79.32
17:40:46   TiAlNi_1 217     1  slow   0     100.1351  1253  626.47  79.54 1255  627.38  79.66
17:40:55   TiAlNi_1 218     1  slow   0     100.1106  1258  629.02  79.86 1261  630.36  80.08
17:41:04   TiAlNi_1 219     1  slow   0     100.0777  1264  631.92  80.30 1267  633.33  80.50
17:41:13   TiAlNi_1 220     1  slow   0     100.0523  1270  634.94  80.75 1273  636.45  80.97
17:41:22   TiAlNi_1 221     1  slow   0     100.0229  1276  637.97  81.19 1279  639.48  81.37
17:41:32   TiAlNi_1 222     1  slow   0     99.99441  1282  640.99  81.65 1286  642.84  81.93
17:41:36   TiAlNi_1 223     1  slow   0     100.0144  1286  642.84  81.93 1288  643.96  82.08
17:41:44   TiAlNi_1 224     1  slow   0     100.9747  1291  645.42  82.24 1294  647.09  82.46
17:41:53   TiAlNi_1 225     1  slow   0     100.9488  1297  648.38  82.63 1299  649.43  82.77
17:42:02   TiAlNi_1 226     1  slow   0     100.9239  1302  650.97  83.00 1306  653.03  83.27
17:42:11   TiAlNi_1 227     1  slow   0     100.8961  1309  654.49  83.47 1312  656.03  83.66
17:42:21   TiAlNi_1 228     1  slow   0     100.8665  1315  657.29  83.87 1318  658.97  84.08
17:42:29   TiAlNi_1 229     1  slow   0     100.8429  1321  660.48  84.25 1324  662.06  84.46
17:42:37   TiAlNi_1 230     1  slow   0     100.8194  1327  663.45  84.67 1329  664.60  84.78
17:42:47   TiAlNi_1 231     1  slow   0     100.7929  1332  666.02  84.97 1335  667.53  85.13
17:42:56   TiAlNi_1 232     1  slow   0     100.7633  1338  668.90  85.36 1342  670.91  85.62
17:43:04   TiAlNi_1 233     1  slow   0     100.7388  1345  672.47  85.79 1347  673.54  85.98
17:43:13   TiAlNi_1 234     1  slow   0     100.715  1350  674.81  86.17 1353  676.47  86.39
17:43:21   TiAlNi_1 235     1  slow   0     100.6888  1356  677.92  86.56 1358  678.85  86.70
17:43:29   TiAlNi_1 236     1  slow   0     100.6629  1361  680.44  86.92 1364  681.97  87.14
17:43:37   TiAlNi_1 237     1  slow   0     100.6416  1367  683.39  87.31 1369  684.59  87.42
17:43:47   TiAlNi_1 238     1  slow   0     100.6124  1372  686.01  87.64 1376  687.98  87.95
17:43:56   TiAlNi_1 239     1  slow   0     100.5863  1378  688.93  88.04 1382  690.98  88.34
17:44:05   TiAlNi_1 240     1  slow   0     100.5579  1385  692.45  88.57 1388  694.01  88.77
17:44:15   TiAlNi_1 241     1  slow   0     100.5311  1391  695.44  88.95 1394  697.02  89.18
17:44:23   TiAlNi_1 242     1  slow   0     100.5081  1397  698.39  89.42 1400  700.00  89.66
17:44:32   TiAlNi_1 243     1  slow   0     100.4816  1403  701.38  89.86 1406  702.88  90.06
17:44:42   TiAlNi_1 244     1  slow   0     100.4527  1409  704.53  90.29 1412  706.02  90.47
17:44:50   TiAlNi_1 245     1  slow   0     100.429  1415  707.53  90.68 1418  708.98  90.87
17:44:59   TiAlNi_1 246     1  slow   0     100.403  1421  710.48  91.11 1424  711.92  91.29
17:45:09   TiAlNi_1 247     1  slow   0     100.3762  1427  713.64  91.55 1430  715.08  91.69
17:45:17   TiAlNi_1 248     1  slow   0     100.3493  1433  716.66  91.92 1436  718.05  92.11
17:45:26   TiAlNi_1 249     1  slow   0     100.3209  1439  719.33  92.33 1442  720.89  92.55
17:45:35   TiAlNi_1 250     1  slow   0     100.2967  1445  722.57  92.77 1447  723.56  92.89
17:45:44   TiAlNi_1 251     1  slow   0     100.2711  1450  724.93  93.09 1454  727.05  93.37
17:45:53   TiAlNi_1 252     1  slow   0     100.2425  1457  728.41  93.56 1460  729.91  93.75
17:46:03   TiAlNi_1 253     1  slow   0     100.2166  1463  731.53  94.01 1466  732.91  94.18
17:46:07   TiAlNi_1 254     1  slow   0     100.2048  1466  732.91  94.18 1469  734.51  94.38
17:46:15   TiAlNi_1 255     1  slow   0     100.1813  1471  735.46  94.54 1474  736.92  94.72
17:46:23   TiAlNi_1 256     1  slow   0     100.1571  1477  738.55  94.95 1480  739.85  95.12
17:46:33   TiAlNi_1 257     1  slow   0     100.131  1483  741.56  95.28 1486  743.03  95.51
17:46:42   TiAlNi_1 258     1  slow   0     100.1027  1489  744.40  95.69 1492  745.91  95.90
17:46:51   TiAlNi_1 259     1  slow   0     100.0759  1495  747.55  96.11 1498  749.01  96.30
17:47:00   TiAlNi_1 260     1  slow   0     100.0502  1501  750.48  96.53 1505  752.46  96.76
17:47:10   TiAlNi_1 261     1  slow   0     100.0237  1508  753.94  96.98 1511  755.48  97.20
17:47:19   TiAlNi_1 262     1  slow   0     99.99119  1514  756.76  97.40 1517  758.41  97.58
17:47:28   TiAlNi_1 263     1  slow   0     100.8703  1520  760.09  97.78 1523  761.52  98.04
17:47:38   TiAlNi_1 264     1  slow   0     100.9519  1526  762.97  98.19 1530  764.93  98.47
17:47:46   TiAlNi_1 265     1  slow   0     100.9278  1532  766.08  98.62 1535  767.38  98.78
17:47:54   TiAlNi_1 266     1  slow   0     100.9055  1538  769.00  99.00 1541  770.59  99.17
17:48:02   TiAlNi_1 267     1  slow   0     100.8777  1543  771.54  99.32 1546  772.85  99.48
17:48:11   TiAlNi_1 268     1  slow   0     100.8533  1549  774.49  99.72 1552  775.90  99.91
17:48:19   TiAlNi_1 269     1  slow   0     100.8302  1555  777.47  100.12 1557  778.45  100.25
17:48:28   TiAlNi_1 270     1  slow   0     100.8038  1560  779.97  100.41 1563  781.49  100.64
17:48:38   TiAlNi_1 271     1  slow   0     100.7748  1566  783.11  100.83 1570  785.06  101.09
17:48:47   TiAlNi_1 272     1  slow   0     100.7474  1572  785.91  101.20 1576  788.10  101.52
17:48:55   TiAlNi_1 273     1  slow   0     100.7209  1579  789.49  101.67 1581  790.39  101.81
17:49:04   TiAlNi_1 274     1  slow   0     100.6999  1584  792.03  101.97 1587  793.48  102.16
17:49:13   TiAlNi_1 275     1  slow   0     100.6706  1590  794.98  102.37 1593  796.52  102.55
17:49:21   TiAlNi_1 276     1  slow   0     100.6443  1596  797.92  102.74 1599  799.52  102.94
17:49:31   TiAlNi_1 277     1  slow   0     100.6181  1601  800.45  103.10 1605  802.33  103.32
17:49:40   TiAlNi_1 278     1  slow   0     100.5912  1608  803.95  103.53 1611  805.42  103.74
17:49:49   TiAlNi_1 279     1  slow   0     100.5648  1614  806.80  103.91 1617  808.43  104.09
17:49:58   TiAlNi_1 280     1  slow   0     100.5388  1620  809.97  104.33 1623  811.46  104.51
17:50:06   TiAlNi_1 281     1  slow   0     100.5144  1626  813.07  104.70 1628  813.98  104.85
17:50:15   TiAlNi_1 282     1  slow   0     100.4885  1631  815.37  105.04 1635  817.49  105.29
17:50:25   TiAlNi_1 283     1  slow   0     100.4601  1637  818.65  105.44 1641  820.51  105.72
17:50:34   TiAlNi_1 284     1  slow   0     100.4321  1644  821.97  105.92 1647  823.50  106.15
17:50:42   TiAlNi_1 285     1  slow   0     100.4092  1650  824.87  106.38 1653  826.36  106.57
17:50:51   TiAlNi_1 286     1  slow   0     100.3801  1655  827.53  106.71 1659  829.57  106.96
17:51:01   TiAlNi_1 287     1  slow   0     100.3538  1662  831.08  107.20 1665  832.57  107.38
17:51:10   TiAlNi_1 288     1  slow   0     100.3264  1668  834.05  107.57 1671  835.47  107.73
17:51:18   TiAlNi_1 289     1  slow   0     100.3004  1674  836.92  107.94 1677  838.48  108.20
17:51:28   TiAlNi_1 290     1  slow   0     100.275  1680  839.92  108.33 1683  841.35  108.55
17:51:36   TiAlNi_1 291     1  slow   0     100.2519  1686  843.02  108.72 1688  843.87  108.87
17:51:44   TiAlNi_1 292     1  slow   0     100.2265  1691  845.50  109.01 1694  846.90  109.22
17:51:54   TiAlNi_1 293     1  slow   0     100.2015  1697  848.35  109.40 1700  850.03  109.62
17:52:03   TiAlNi_1 294     1  slow   0     100.1717  1703  851.37  109.82 1706  853.01  110.00
17:52:12   TiAlNi_1 295     1  slow   0     100.1452  1709  854.31  110.17 1712  855.97  110.36
17:52:21   TiAlNi_1 296     1  slow   0     100.1197  1715  857.59  110.57 1719  859.47  110.81
17:52:31   TiAlNi_1 297     1  slow   0     100.0898  1722  861.07  110.98 1725  862.52  111.17
17:52:40   TiAlNi_1 298     1  slow   0     100.0605  1728  864.10  111.39 1731  865.56  111.55
17:52:44   TiAlNi_1 299     1  slow   0     100.0489  1731  865.56  111.55 1734  866.96  111.75
17:52:53   TiAlNi_1 300     1  slow   0     100.0223  1737  868.43  111.93 1740  869.90  112.10
17:53:03   TiAlNi_1 301     1  slow   0     99.99702  1743  871.43  112.30 1746  872.93  112.43
17:53:08   TiAlNi_1 302     1  slow   0     100.0256  1749  874.47  112.62 1750  874.99  112.66
17:53:15   TiAlNi_1 303     1  slow   0     100.9632  1752  876.02  112.79 1755  877.42  112.98
17:53:25   TiAlNi_1 304     1  slow   0     100.9383  1757  878.45  113.13 1761  880.35  113.36
17:53:34   TiAlNi_1 305     1  slow   0     100.908  1764  881.89  113.55 1767  883.60  113.72
17:53:43   TiAlNi_1 306     1  slow   0     100.8814  1770  885.05  113.90 1773  886.40  114.08
17:53:51   TiAlNi_1 307     1  slow   0     100.8573  1776  888.02  114.28 1779  889.39  114.42
17:54:00   TiAlNi_1 308     1  slow   0     100.8306  1782  890.98  114.55 1784  891.92  114.63
17:54:09   TiAlNi_1 309     1  slow   0     100.8035  1787  893.45  114.75 1790  894.91  114.83
17:54:18   TiAlNi_1 310     1  slow   0     100.7753  1793  896.45  114.95 1797  898.41  115.07
17:54:27   TiAlNi_1 311     1  slow   0     100.7511  1800  899.99  115.14 1802  901.15  115.23
17:54:35   TiAlNi_1 312     1  slow   0     100.7265  1805  902.50  115.28 1808  904.10  115.39
17:54:44   TiAlNi_1 313     1  slow   0     100.7011  1811  905.57  115.44 1814  906.95  115.49
17:54:54   TiAlNi_1 314     1  slow   0     100.6713  1817  908.50  115.59 1820  910.00  115.69
17:55:03   TiAlNi_1 315     1  slow   0     100.6448  1823  911.53  115.70 1826  912.93  115.82
17:55:12   TiAlNi_1 316     1  slow   0     100.6181  1829  914.51  115.82 1833  916.55  115.91
17:55:22   TiAlNi_1 317     1  slow   0     100.5905  1835  917.38  115.91 1839  919.46  116.00
17:55:31   TiAlNi_1 318     1  slow   0     100.5618  1842  921.01  116.01 1845  922.47  116.09
17:55:40   TiAlNi_1 319     1  slow   0     100.5355  1848  923.74  116.10 1851  925.40  116.15
17:55:49   TiAlNi_1 320     1  slow   0     100.5099  1854  927.07  116.17 1857  928.61  116.21
17:55:59   TiAlNi_1 321     1  slow   0     100.4797  1860  929.97  116.20 1864  931.99  116.21
17:56:07   TiAlNi_1 322     1  slow   0     100.4525  1866  933.04  116.21 1869  934.54  116.18
17:56:17   TiAlNi_1 323     1  slow   0     100.426  1872  936.01  116.24 1875  937.47  116.22
17:56:26   TiAlNi_1 324     1  slow   0     100.401  1878  939.04  116.17 1882  940.94  116.08
17:56:35   TiAlNi_1 325     1  slow   0     100.374  1884  942.02  116.10 1888  944.01  115.99
17:56:44   TiAlNi_1 326     1  slow   0     100.3478  1891  945.59  115.89 1894  947.02  115.86
17:56:49   TiAlNi_1 327     1  slow   0     100.3333  1894  947.02  115.86 1897  948.59  115.80
17:56:58   TiAlNi_1 328     1  slow   0     100.3078  1900  950.01  115.65 1903  951.36  115.52
17:57:07   TiAlNi_1 329     1  slow   0     100.2813  1906  952.93  115.43 1909  954.47  115.30
17:57:16   TiAlNi_1 330     1  slow   0     100.2543  1912  956.01  115.17 1915  957.70  115.02
17:57:26   TiAlNi_1 331     1  slow   0     100.2255  1918  958.90  114.88 1922  960.97  114.65
17:57:35   TiAlNi_1 332     1  slow   0     100.1985  1924  962.08  114.58 1928  964.03  114.37
17:57:43   TiAlNi_1 333     1  slow   0     100.1721  1931  965.41  114.20 1933  966.47  114.13
17:57:53   TiAlNi_1 334     1  slow   0     100.1463  1936  967.96  113.99 1940  970.03  113.77
17:58:02   TiAlNi_1 335     1  slow   0     100.1192  1942  970.97  113.63 1946  973.00  113.41
17:58:11   TiAlNi_1 336     1  slow   0     100.091  1949  974.48  113.24 1952  976.03  113.10
17:58:21   TiAlNi_1 337     1  slow   0     100.0648  1955  977.49  112.93 1958  978.90  112.77
17:58:30   TiAlNi_1 338     1  slow   0     100.0388  1961  980.57  112.60 1964  982.07  112.43
17:58:39   TiAlNi_1 339     1  slow   0     100.0129  1967  983.44  112.32 1971  985.44  112.09
17:58:49   TiAlNi_1 340     1  slow   0     99.98669  1973  986.52  111.96 1977  988.50  111.75
17:58:58   TiAlNi_1 341     1  slow   0     100.9807  1980  990.05  111.56 1983  991.42  111.40
17:59:07   TiAlNi_1 342     1  slow   0     100.9545  1986  993.01  111.26 1989  994.55  111.09
17:59:16   TiAlNi_1 343     1  slow   0     100.9278  1992  995.97  110.95 1995  997.34  110.84
17:59:21   TiAlNi_1 344     1  slow   0     100.9133  1996  998.05  110.80 1998  999.10  110.69
17:59:29   TiAlNi_1 345     1  slow   0     100.8888  2000  999.90  110.63 2004  1001.93  110.45
17:59:37   TiAlNi_1 346     1  slow   0     100.8644  2007  1003.49  110.37 2009  1004.55  110.33
17:59:47   TiAlNi_1 347     1  slow   0     100.8345  2012  1005.94  110.22 2015  1007.42  110.10
17:59:56   TiAlNi_1 348     1  slow   0     100.8083  2018  1009.14  110.02 2022  1010.99  109.88
18:00:05   TiAlNi_1 349     1  slow   0     100.7824  2025  1012.55  109.80 2028  1013.94  109.73
18:00:15   TiAlNi_1 350     1  slow   0     100.7555  2031  1015.44  109.67 2034  1017.01  109.59
18:00:24   TiAlNi_1 351     1  slow   0     100.7251  2037  1018.37  109.52 2040  1019.94  109.47
18:00:32   TiAlNi_1 352     1  slow   0     100.7014  2043  1021.48  109.40 2046  1023.02  109.35
18:00:42   TiAlNi_1 353     1  slow   0     100.6761  2049  1024.51  109.30 2052  1025.85  109.21
18:00:51   TiAlNi_1 354     1  slow   0     100.6496  2055  1027.46  109.19 2058  1028.86  109.15
18:01:00   TiAlNi_1 355     1  slow   0     100.6181  2061  1030.46  109.09 2064  1032.01  109.08
18:01:09   TiAlNi_1 356     1  slow   0     100.5915  2067  1033.47  108.99 2071  1035.34  108.94
18:01:19   TiAlNi_1 357     1  slow   0     100.5637  2074  1036.96  108.95 2077  1038.41  108.98
18:01:28   TiAlNi_1 358     1  slow   0     100.5371  2080  1039.94  109.01 2083  1041.50  109.04
18:01:36   TiAlNi_1 359     1  slow   0     100.513  2086  1043.09  109.06 2089  1044.57  109.09
18:01:45   TiAlNi_1 360     1  slow   0     100.4881  2091  1045.68  109.06 2094  1046.90  109.09
18:01:54   TiAlNi_1 361     1  slow   0     100.4602  2097  1048.37  109.14 2100  1049.94  109.08
18:02:03   TiAlNi_1 362     1  slow   0     100.434  2103  1051.56  109.07 2107  1053.48  109.06
18:02:12   TiAlNi_1 363     1  slow   0     100.4076  2109  1054.50  109.11 2113  1056.34  109.12
18:02:21   TiAlNi_1 364     1  slow   0     100.3818  2116  1058.02  109.10 2118  1058.94  109.13
18:02:30   TiAlNi_1 365     1  slow   0     100.356  2121  1060.41  109.16 2124  1061.86  109.13
18:02:38   TiAlNi_1 366     1  slow   0     100.3325  2127  1063.64  109.16 2130  1064.96  109.16
18:02:47   TiAlNi_1 367     1  slow   0     100.3083  2133  1066.38  109.15 2136  1068.04  109.17
18:02:55   TiAlNi_1 368     1  slow   0     100.2788  2138  1068.99  109.12 2141  1070.43  109.15
18:03:04   TiAlNi_1 369     1  slow   0     100.2539  2144  1071.91  109.15 2147  1073.41  109.11
18:03:13   TiAlNi_1 370     1  slow   0     100.23  2150  1074.87  109.13 2153  1076.40  109.12
18:03:21   TiAlNi_1 371     1  slow   0     100.2065  2156  1078.09  109.15 2158  1079.00  109.13
18:03:30   TiAlNi_1 372     1  slow   0     100.181  2161  1080.39  109.15 2165  1082.46  109.19
18:03:39   TiAlNi_1 373     1  slow   0     100.1536  2167  1083.42  109.17 2170  1084.93  109.17
18:03:47   TiAlNi_1 374     1  slow   0     100.1306  2173  1086.44  109.25 2176  1087.83  109.23
18:03:56   TiAlNi_1 375     1  slow   0     100.1035  2178  1088.89  109.26 2182  1090.96  109.28
18:04:05   TiAlNi_1 376     1  slow   0     100.0774  2185  1092.33  109.31 2188  1093.96  109.35
18:04:14   TiAlNi_1 377     1  slow   0     100.0515  2191  1095.49  109.33 2194  1096.93  109.32
18:04:23   TiAlNi_1 378     1  slow   0     100.0253  2196  1097.81  109.37 2200  1100.07  109.39
18:04:32   TiAlNi_1 379     1  slow   0     99.99988  2203  1101.50  109.41 2206  1102.99  109.47
18:04:37   TiAlNi_1 380     1  slow   0     99.98495  2209  1104.35  109.48 2209  1104.35  109.48
18:04:45   TiAlNi_1 381     1  slow   0     100.9019  2212  1106.11  109.52 2214  1106.91  109.51
18:04:54   TiAlNi_1 382     1  slow   0     100.953  2217  1108.59  109.57 2220  1109.76  109.53
18:05:03   TiAlNi_1 383     1  slow   0     100.9221  2223  1111.74  109.54 unknown  unknown  unknown
